Arguments: 
  /home/guilherme/.nvm/versions/node/v18.18.2/bin/node /home/guilherme/.nvm/versions/node/v18.18.2/bin/yarn add @types/aws-lambada @types/uuid -D

PATH: 
  /home/guilherme/.nvm/versions/node/v18.18.2/bin:/home/guilherme/.nvm/versions/node/v18.18.2/bin:/home/guilherme/.nvm/versions/node/v18.18.2/bin:/home/guilherme/.nvm/versions/node/v18.18.2/bin:/usr/local/sbin:/usr/local/bin:/usr/sbin:/usr/bin:/sbin:/bin:/usr/games:/usr/local/games:/snap/bin:/snap/bin

Yarn version: 
  1.22.19

Node version: 
  18.18.2

Platform: 
  linux x64

Trace: 
  Error: https://registry.yarnpkg.com/@types%2faws-lambada: Not found
      at params.callback [as _callback] (/home/guilherme/.nvm/versions/node/v18.18.2/lib/node_modules/yarn/lib/cli.js:66145:18)
      at self.callback (/home/guilherme/.nvm/versions/node/v18.18.2/lib/node_modules/yarn/lib/cli.js:140890:22)
      at Request.emit (node:events:517:28)
      at Request.<anonymous> (/home/guilherme/.nvm/versions/node/v18.18.2/lib/node_modules/yarn/lib/cli.js:141862:10)
      at Request.emit (node:events:517:28)
      at IncomingMessage.<anonymous> (/home/guilherme/.nvm/versions/node/v18.18.2/lib/node_modules/yarn/lib/cli.js:141784:12)
      at Object.onceWrapper (node:events:631:28)
      at IncomingMessage.emit (node:events:529:35)
      at endReadableNT (node:internal/streams/readable:1368:12)
      at process.processTicksAndRejections (node:internal/process/task_queues:82:21)

npm manifest: 
  {
    "name": "e_commerce_aws",
    "version": "0.1.0",
    "bin": {
      "e_commerce_aws": "bin/e_commerce_aws.js"
    },
    "scripts": {
      "build": "tsc",
      "watch": "tsc -w",
      "test": "jest",
      "cdk": "cdk"
    },
    "devDependencies": {
      "@types/jest": "^29.5.11",
      "@types/node": "20.10.4",
      "aws-cdk": "2.118.0",
      "aws-sdk": "^2.1531.0",
      "jest": "^29.7.0",
      "ts-jest": "^29.1.1",
      "ts-node": "^10.9.2",
      "typescript": "~5.3.3"
    },
    "dependencies": {
      "aws-cdk-lib": "2.118.0",
      "constructs": "^10.0.0",
      "source-map-support": "^0.5.21"
    }
  }

yarn manifest: 
  No manifest

Lockfile: 
  No lockfile
